[ERROR] 2020-09-14 21:51:01 Unable to fetch data from PureGym. Reason: 
{
  "message": "There was a problem with your submission. Your session appears to be in an invalid state, please refresh the page and try again."
}
[ERROR] 2020-09-14 21:52:01 Unable to fetch data from PureGym. Reason: 
{
  "message": "There was a problem with your submission. Your session appears to be in an invalid state, please refresh the page and try again."
}
[ERROR] 2020-09-14 22:00:01 Unable to fetch data from PureGym. Reason: 
{
  "message": "There was a problem with your submission. Your session appears to be in an invalid state, please refresh the page and try again."
}
[ERROR] 2020-09-14 22:05:01 Unable to fetch data from PureGym. Reason: 
{
  "message": "There was a problem with your submission. Your session appears to be in an invalid state, please refresh the page and try again."
}
[ERROR] 2020-09-14 22:10:01 Unable to fetch data from PureGym. Reason: 
{
  "message": "There was a problem with your submission. Your session appears to be in an invalid state, please refresh the page and try again."
}
[ERROR] 2020-09-14 22:15:01 Unable to fetch data from PureGym. Reason: 
{
  "message": "There was a problem with your submission. Your session appears to be in an invalid state, please refresh the page and try again."
}
[ERROR] 2020-09-14 22:20:04 Unable to fetch data from PureGym. Reason: 
{
  "message": "There was a problem with your submission. Your session appears to be in an invalid state, please refresh the page and try again."
}
[ERROR] 2020-09-14 22:25:01 Unable to fetch data from PureGym. Reason: 
{
  "message": "There was a problem with your submission. Your session appears to be in an invalid state, please refresh the page and try again."
}
[ERROR] 2020-09-14 22:40:01 Unable to fetch data from PureGym. Reason: 
{
  "message": "There was a problem with your submission. Your session appears to be in an invalid state, please refresh the page and try again."
}
[ERROR] 2020-09-14 22:45:01 Unable to fetch data from PureGym. Reason: 
{
  "message": "There was a problem with your submission. Your session appears to be in an invalid state, please refresh the page and try again."
}
[ERROR] 2020-09-14 22:50:01 Unable to fetch data from PureGym. Reason: 
{
  "message": "There was a problem with your submission. Your session appears to be in an invalid state, please refresh the page and try again."
}
[ERROR] 2020-09-14 22:55:01 Unable to fetch data from PureGym. Reason: 
{
  "message": "There was a problem with your submission. Your session appears to be in an invalid state, please refresh the page and try again."
}
[ERROR] 2020-09-14 23:00:04 Unable to fetch data from PureGym. Reason: 
{
  "message": "There was a problem with your submission. Your session appears to be in an invalid state, please refresh the page and try again."
}
[ERROR] 2020-09-14 23:05:04 Unable to fetch data from PureGym. Reason: 
{
  "message": "There was a problem with your submission. Your session appears to be in an invalid state, please refresh the page and try again."
}
[ERROR] 2020-09-14 23:10:01 Unable to fetch data from PureGym. Reason: 
{
  "message": "There was a problem with your submission. Your session appears to be in an invalid state, please refresh the page and try again."
}
[ERROR] 2020-09-14 23:15:01 Unable to fetch data from PureGym. Reason: 
{
  "message": "There was a problem with your submission. Your session appears to be in an invalid state, please refresh the page and try again."
}
[ERROR] 2020-09-14 23:25:01 Unable to fetch data from PureGym. Reason: 
{
  "message": "There was a problem with your submission. Your session appears to be in an invalid state, please refresh the page and try again."
}
[ERROR] 2020-09-14 23:35:02 Unable to fetch data from PureGym. Reason: 
{
  "message": "There was a problem with your submission. Your session appears to be in an invalid state, please refresh the page and try again."
}
[ERROR] 2020-09-14 23:40:01 Unable to fetch data from PureGym. Reason: 
{
  "message": "There was a problem with your submission. Your session appears to be in an invalid state, please refresh the page and try again."
}
[ERROR] 2020-09-14 23:45:01 Unable to fetch data from PureGym. Reason: 
{
  "message": "There was a problem with your submission. Your session appears to be in an invalid state, please refresh the page and try again."
}
[ERROR] 2020-09-15 00:05:01 Unable to fetch data from PureGym. Reason: 
{
  "message": "There was a problem with your submission. Your session appears to be in an invalid state, please refresh the page and try again."
}
[ERROR] 2020-09-15 00:05:03 Unable to fetch data from PureGym. Reason: 

[ERROR] 2020-09-15 00:10:01 Unable to fetch data from PureGym. Reason: 
{
  "message": "There was a problem with your submission. Your session appears to be in an invalid state, please refresh the page and try again."
}
[ERROR] 2020-09-15 00:10:04 Unable to fetch data from PureGym. Reason: 

[ERROR] 2020-09-15 00:15:01 Unable to fetch data from PureGym. Reason: 
{
  "message": "There was a problem with your submission. Your session appears to be in an invalid state, please refresh the page and try again."
}
[ERROR] 2020-09-15 00:15:04 Unable to fetch data from PureGym. Reason: 

[ERROR] 2020-09-15 00:20:01 Unable to fetch data from PureGym. Reason: 
{
  "message": "There was a problem with your submission. Your session appears to be in an invalid state, please refresh the page and try again."
}
[ERROR] 2020-09-15 00:20:03 Unable to fetch data from PureGym. Reason: 

[ERROR] 2020-09-15 00:25:01 Unable to fetch data from PureGym. Reason: 
{
  "message": "There was a problem with your submission. Your session appears to be in an invalid state, please refresh the page and try again."
}
[ERROR] 2020-09-15 00:25:03 Unable to fetch data from PureGym. Reason: 

[ERROR] 2020-09-15 00:30:01 Unable to fetch data from PureGym. Reason: 
{
  "message": "There was a problem with your submission. Your session appears to be in an invalid state, please refresh the page and try again."
}
[ERROR] 2020-09-15 00:30:03 Unable to fetch data from PureGym. Reason: 

[ERROR] 2020-09-15 00:35:01 Unable to fetch data from PureGym. Reason: 
{
  "message": "There was a problem with your submission. Your session appears to be in an invalid state, please refresh the page and try again."
}
[ERROR] 2020-09-15 00:35:03 Unable to fetch data from PureGym. Reason: 

[ERROR] 2020-09-15 00:40:02 Unable to fetch data from PureGym. Reason: 
{
  "message": "There was a problem with your submission. Your session appears to be in an invalid state, please refresh the page and try again."
}
[ERROR] 2020-09-15 00:40:03 Unable to fetch data from PureGym. Reason: 

[ERROR] 2020-09-15 00:45:03 Unable to fetch data from PureGym. Reason: 

[ERROR] 2020-09-15 00:45:03 Unable to fetch data from PureGym. Reason: 

[ERROR] 2020-09-15 00:50:01 Unable to fetch data from PureGym. Reason: 
{
  "message": "There was a problem with your submission. Your session appears to be in an invalid state, please refresh the page and try again."
}
[ERROR] 2020-09-15 00:50:10 Unable to fetch data from PureGym. Reason: 

[ERROR] 2020-09-15 00:55:01 Unable to fetch data from PureGym. Reason: 
{
  "message": "There was a problem with your submission. Your session appears to be in an invalid state, please refresh the page and try again."
}
[ERROR] 2020-09-15 00:55:02 Unable to fetch data from PureGym. Reason: 

[ERROR] 2020-09-15 01:00:01 Unable to fetch data from PureGym. Reason: 
{
  "message": "There was a problem with your submission. Your session appears to be in an invalid state, please refresh the page and try again."
}
[ERROR] 2020-09-15 01:05:01 Unable to fetch data from PureGym. Reason: 
{
  "message": "There was a problem with your submission. Your session appears to be in an invalid state, please refresh the page and try again."
}
[ERROR] 2020-09-15 01:10:01 Unable to fetch data from PureGym. Reason: 
{
  "message": "There was a problem with your submission. Your session appears to be in an invalid state, please refresh the page and try again."
}
[ERROR] 2020-09-15 01:15:01 Unable to fetch data from PureGym. Reason: 
{
  "message": "There was a problem with your submission. Your session appears to be in an invalid state, please refresh the page and try again."
}
[ERROR] 2020-09-15 01:15:03 Unable to fetch data from PureGym. Reason: 

[ERROR] 2020-09-15 01:20:00 Unable to fetch data from PureGym. Reason: 
{
  "message": "There was a problem with your submission. Your session appears to be in an invalid state, please refresh the page and try again."
}
[ERROR] 2020-09-15 01:20:02 Unable to fetch data from PureGym. Reason: 

[ERROR] 2020-09-15 01:25:01 Unable to fetch data from PureGym. Reason: 
{
  "message": "There was a problem with your submission. Your session appears to be in an invalid state, please refresh the page and try again."
}
[ERROR] 2020-09-15 01:25:03 Unable to fetch data from PureGym. Reason: 

[ERROR] 2020-09-15 01:30:01 Unable to fetch data from PureGym. Reason: 
{
  "message": "There was a problem with your submission. Your session appears to be in an invalid state, please refresh the page and try again."
}
[ERROR] 2020-09-15 01:30:04 Unable to fetch data from PureGym. Reason: 

[ERROR] 2020-09-15 01:35:01 Unable to fetch data from PureGym. Reason: 
{
  "message": "There was a problem with your submission. Your session appears to be in an invalid state, please refresh the page and try again."
}
[ERROR] 2020-09-15 01:35:03 Unable to fetch data from PureGym. Reason: 

[ERROR] 2020-09-15 01:40:01 Unable to fetch data from PureGym. Reason: 
{
  "message": "There was a problem with your submission. Your session appears to be in an invalid state, please refresh the page and try again."
}
[ERROR] 2020-09-15 01:40:02 Unable to fetch data from PureGym. Reason: 

[ERROR] 2020-09-15 01:45:01 Unable to fetch data from PureGym. Reason: 
{
  "message": "There was a problem with your submission. Your session appears to be in an invalid state, please refresh the page and try again."
}
[ERROR] 2020-09-15 01:45:04 Unable to fetch data from PureGym. Reason: 

[ERROR] 2020-09-15 01:50:01 Unable to fetch data from PureGym. Reason: 
{
  "message": "There was a problem with your submission. Your session appears to be in an invalid state, please refresh the page and try again."
}
[ERROR] 2020-09-15 01:50:05 Unable to fetch data from PureGym. Reason: 

[ERROR] 2020-09-15 01:55:01 Unable to fetch data from PureGym. Reason: 
{
  "message": "There was a problem with your submission. Your session appears to be in an invalid state, please refresh the page and try again."
}
[ERROR] 2020-09-15 01:55:03 Unable to fetch data from PureGym. Reason: 

[ERROR] 2020-09-15 02:00:05 Unable to fetch data from PureGym. Reason: 

[ERROR] 2020-09-15 02:00:05 Unable to fetch data from PureGym. Reason: 

[ERROR] 2020-09-15 02:05:01 Unable to fetch data from PureGym. Reason: 
{
  "message": "There was a problem with your submission. Your session appears to be in an invalid state, please refresh the page and try again."
}
[ERROR] 2020-09-15 02:05:03 Unable to fetch data from PureGym. Reason: 

[ERROR] 2020-09-15 02:10:02 Unable to fetch data from PureGym. Reason: 
{
  "message": "There was a problem with your submission. Your session appears to be in an invalid state, please refresh the page and try again."
}
[ERROR] 2020-09-15 02:10:03 Unable to fetch data from PureGym. Reason: 

[ERROR] 2020-09-15 02:15:03 Unable to fetch data from PureGym. Reason: 

[ERROR] 2020-09-15 02:15:03 Unable to fetch data from PureGym. Reason: 

[ERROR] 2020-09-15 02:20:00 Unable to fetch data from PureGym. Reason: 
{
  "message": "There was a problem with your submission. Your session appears to be in an invalid state, please refresh the page and try again."
}
[ERROR] 2020-09-15 02:20:02 Unable to fetch data from PureGym. Reason: 

[ERROR] 2020-09-15 02:25:03 Unable to fetch data from PureGym. Reason: 

[ERROR] 2020-09-15 02:25:03 Unable to fetch data from PureGym. Reason: 

[ERROR] 2020-09-15 02:30:02 Unable to fetch data from PureGym. Reason: 

[ERROR] 2020-09-15 02:30:03 Unable to fetch data from PureGym. Reason: 

[ERROR] 2020-09-15 02:35:01 Unable to fetch data from PureGym. Reason: 
{
  "message": "There was a problem with your submission. Your session appears to be in an invalid state, please refresh the page and try again."
}
[ERROR] 2020-09-15 02:35:04 Unable to fetch data from PureGym. Reason: 

[ERROR] 2020-09-15 02:40:01 Unable to fetch data from PureGym. Reason: 
{
  "message": "There was a problem with your submission. Your session appears to be in an invalid state, please refresh the page and try again."
}
[ERROR] 2020-09-15 02:40:03 Unable to fetch data from PureGym. Reason: 

[ERROR] 2020-09-15 02:45:01 Unable to fetch data from PureGym. Reason: 
{
  "message": "There was a problem with your submission. Your session appears to be in an invalid state, please refresh the page and try again."
}
[ERROR] 2020-09-15 02:45:04 Unable to fetch data from PureGym. Reason: 

[ERROR] 2020-09-15 02:50:01 Unable to fetch data from PureGym. Reason: 
{
  "message": "There was a problem with your submission. Your session appears to be in an invalid state, please refresh the page and try again."
}
[ERROR] 2020-09-15 02:50:03 Unable to fetch data from PureGym. Reason: 

[ERROR] 2020-09-15 02:55:01 Unable to fetch data from PureGym. Reason: 
{
  "message": "There was a problem with your submission. Your session appears to be in an invalid state, please refresh the page and try again."
}
[ERROR] 2020-09-15 02:55:03 Unable to fetch data from PureGym. Reason: 

[ERROR] 2020-09-15 03:00:01 Unable to fetch data from PureGym. Reason: 
{
  "message": "There was a problem with your submission. Your session appears to be in an invalid state, please refresh the page and try again."
}
[ERROR] 2020-09-15 03:00:07 Unable to fetch data from PureGym. Reason: 

[ERROR] 2020-09-15 03:05:04 Unable to fetch data from PureGym. Reason: 

[ERROR] 2020-09-15 03:05:04 Unable to fetch data from PureGym. Reason: 

[ERROR] 2020-09-15 03:10:01 Unable to fetch data from PureGym. Reason: 
{
  "message": "There was a problem with your submission. Your session appears to be in an invalid state, please refresh the page and try again."
}
[ERROR] 2020-09-15 03:10:05 Unable to fetch data from PureGym. Reason: 

[ERROR] 2020-09-15 03:15:00 Unable to fetch data from PureGym. Reason: 
{
  "message": "There was a problem with your submission. Your session appears to be in an invalid state, please refresh the page and try again."
}
[ERROR] 2020-09-15 03:15:13 Unable to fetch data from PureGym. Reason: 

[ERROR] 2020-09-15 03:20:06 Unable to fetch data from PureGym. Reason: 

[ERROR] 2020-09-15 03:20:06 Unable to fetch data from PureGym. Reason: 

[ERROR] 2020-09-15 03:25:01 Unable to fetch data from PureGym. Reason: 
{
  "message": "There was a problem with your submission. Your session appears to be in an invalid state, please refresh the page and try again."
}
[ERROR] 2020-09-15 03:25:03 Unable to fetch data from PureGym. Reason: 

[ERROR] 2020-09-15 03:30:04 Unable to fetch data from PureGym. Reason: 

[ERROR] 2020-09-15 03:30:04 Unable to fetch data from PureGym. Reason: 

[ERROR] 2020-09-15 03:35:03 Unable to fetch data from PureGym. Reason: 

[ERROR] 2020-09-15 03:35:03 Unable to fetch data from PureGym. Reason: 

[ERROR] 2020-09-15 03:40:01 Unable to fetch data from PureGym. Reason: 
{
  "message": "There was a problem with your submission. Your session appears to be in an invalid state, please refresh the page and try again."
}
[ERROR] 2020-09-15 03:40:03 Unable to fetch data from PureGym. Reason: 

[ERROR] 2020-09-15 03:45:02 Unable to fetch data from PureGym. Reason: 

[ERROR] 2020-09-15 03:45:02 Unable to fetch data from PureGym. Reason: 

[ERROR] 2020-09-15 03:50:01 Unable to fetch data from PureGym. Reason: 
{
  "message": "There was a problem with your submission. Your session appears to be in an invalid state, please refresh the page and try again."
}
[ERROR] 2020-09-15 03:50:03 Unable to fetch data from PureGym. Reason: 

[ERROR] 2020-09-15 03:55:00 Unable to fetch data from PureGym. Reason: 
{
  "message": "There was a problem with your submission. Your session appears to be in an invalid state, please refresh the page and try again."
}
[ERROR] 2020-09-15 03:55:02 Unable to fetch data from PureGym. Reason: 

[ERROR] 2020-09-15 04:00:03 Unable to fetch data from PureGym. Reason: 

[ERROR] 2020-09-15 04:00:03 Unable to fetch data from PureGym. Reason: 

[ERROR] 2020-09-15 04:05:03 Unable to fetch data from PureGym. Reason: 

[ERROR] 2020-09-15 04:05:03 Unable to fetch data from PureGym. Reason: 

[ERROR] 2020-09-15 04:10:01 Unable to fetch data from PureGym. Reason: 
{
  "message": "There was a problem with your submission. Your session appears to be in an invalid state, please refresh the page and try again."
}
[ERROR] 2020-09-15 04:10:03 Unable to fetch data from PureGym. Reason: 

[ERROR] 2020-09-15 04:15:01 Unable to fetch data from PureGym. Reason: 
{
  "message": "There was a problem with your submission. Your session appears to be in an invalid state, please refresh the page and try again."
}
[ERROR] 2020-09-15 04:15:02 Unable to fetch data from PureGym. Reason: 

[ERROR] 2020-09-15 04:20:03 Unable to fetch data from PureGym. Reason: 

[ERROR] 2020-09-15 04:20:03 Unable to fetch data from PureGym. Reason: 

[ERROR] 2020-09-15 04:25:01 Unable to fetch data from PureGym. Reason: 
{
  "message": "There was a problem with your submission. Your session appears to be in an invalid state, please refresh the page and try again."
}
[ERROR] 2020-09-15 04:25:03 Unable to fetch data from PureGym. Reason: 

[ERROR] 2020-09-15 04:30:01 Unable to fetch data from PureGym. Reason: 
{
  "message": "There was a problem with your submission. Your session appears to be in an invalid state, please refresh the page and try again."
}
[ERROR] 2020-09-15 04:30:02 Unable to fetch data from PureGym. Reason: 

[ERROR] 2020-09-15 04:35:03 Unable to fetch data from PureGym. Reason: 

[ERROR] 2020-09-15 04:35:03 Unable to fetch data from PureGym. Reason: 

[ERROR] 2020-09-15 04:40:01 Unable to fetch data from PureGym. Reason: 
{
  "message": "There was a problem with your submission. Your session appears to be in an invalid state, please refresh the page and try again."
}
[ERROR] 2020-09-15 04:40:02 Unable to fetch data from PureGym. Reason: 

[ERROR] 2020-09-15 04:45:03 Unable to fetch data from PureGym. Reason: 
[ERROR] 2020-09-15 04:45:03 Unable to fetch data from PureGym. Reason: 


[ERROR] 2020-09-15 04:50:03 Unable to fetch data from PureGym. Reason: 

[ERROR] 2020-09-15 04:50:03 Unable to fetch data from PureGym. Reason: 

[ERROR] 2020-09-15 04:55:01 Unable to fetch data from PureGym. Reason: 
{
  "message": "There was a problem with your submission. Your session appears to be in an invalid state, please refresh the page and try again."
}
[ERROR] 2020-09-15 04:55:03 Unable to fetch data from PureGym. Reason: 

[ERROR] 2020-09-15 05:00:01 Unable to fetch data from PureGym. Reason: 
{
  "message": "There was a problem with your submission. Your session appears to be in an invalid state, please refresh the page and try again."
}
[ERROR] 2020-09-15 05:00:03 Unable to fetch data from PureGym. Reason: 

[ERROR] 2020-09-15 05:05:01 Unable to fetch data from PureGym. Reason: 
{
  "message": "There was a problem with your submission. Your session appears to be in an invalid state, please refresh the page and try again."
}
[ERROR] 2020-09-15 05:05:03 Unable to fetch data from PureGym. Reason: 

[ERROR] 2020-09-15 05:10:03 Unable to fetch data from PureGym. Reason: 

[ERROR] 2020-09-15 05:10:03 Unable to fetch data from PureGym. Reason: 

[ERROR] 2020-09-15 05:15:01 Unable to fetch data from PureGym. Reason: 
{
  "message": "There was a problem with your submission. Your session appears to be in an invalid state, please refresh the page and try again."
}
[ERROR] 2020-09-15 05:15:04 Unable to fetch data from PureGym. Reason: 

[ERROR] 2020-09-15 05:20:03 Unable to fetch data from PureGym. Reason: 

[ERROR] 2020-09-15 05:20:03 Unable to fetch data from PureGym. Reason: 

[ERROR] 2020-09-15 05:25:01 Unable to fetch data from PureGym. Reason: 
{
  "message": "There was a problem with your submission. Your session appears to be in an invalid state, please refresh the page and try again."
}
[ERROR] 2020-09-15 05:35:01 Unable to fetch data from PureGym. Reason: 
{
  "message": "There was a problem with your submission. Your session appears to be in an invalid state, please refresh the page and try again."
}
[ERROR] 2020-09-15 05:45:01 Unable to fetch data from PureGym. Reason: 
{
  "message": "There was a problem with your submission. Your session appears to be in an invalid state, please refresh the page and try again."
}
[ERROR] 2020-09-15 05:50:03 Unable to fetch data from PureGym. Reason: 
{
  "message": "There was a problem with your submission. Your session appears to be in an invalid state, please refresh the page and try again."
}
[ERROR] 2020-09-15 05:55:01 Unable to fetch data from PureGym. Reason: 
{
  "message": "There was a problem with your submission. Your session appears to be in an invalid state, please refresh the page and try again."
}
[ERROR] 2020-09-15 06:05:01 Unable to fetch data from PureGym. Reason: 
{
  "message": "There was a problem with your submission. Your session appears to be in an invalid state, please refresh the page and try again."
}
[ERROR] 2020-09-15 06:10:01 Unable to fetch data from PureGym. Reason: 
{
  "message": "There was a problem with your submission. Your session appears to be in an invalid state, please refresh the page and try again."
}
[ERROR] 2020-09-15 06:20:01 Unable to fetch data from PureGym. Reason: 
{
  "message": "There was a problem with your submission. Your session appears to be in an invalid state, please refresh the page and try again."
}
[ERROR] 2020-09-15 06:25:01 Unable to fetch data from PureGym. Reason: 
{
  "message": "There was a problem with your submission. Your session appears to be in an invalid state, please refresh the page and try again."
}
[ERROR] 2020-09-15 06:30:00 Unable to fetch data from PureGym. Reason: 
{
  "message": "There was a problem with your submission. Your session appears to be in an invalid state, please refresh the page and try again."
}
[ERROR] 2020-09-15 06:35:03 Unable to fetch data from PureGym. Reason: 
{
  "message": "There was a problem with your submission. Your session appears to be in an invalid state, please refresh the page and try again."
}
[ERROR] 2020-09-15 06:40:01 Unable to fetch data from PureGym. Reason: 
{
  "message": "There was a problem with your submission. Your session appears to be in an invalid state, please refresh the page and try again."
}
[ERROR] 2020-09-15 06:45:01 Unable to fetch data from PureGym. Reason: 
{
  "message": "There was a problem with your submission. Your session appears to be in an invalid state, please refresh the page and try again."
}
[ERROR] 2020-09-15 06:50:01 Unable to fetch data from PureGym. Reason: 
{
  "message": "There was a problem with your submission. Your session appears to be in an invalid state, please refresh the page and try again."
}
[ERROR] 2020-09-15 07:05:00 Unable to fetch data from PureGym. Reason: 
{
  "message": "There was a problem with your submission. Your session appears to be in an invalid state, please refresh the page and try again."
}
[ERROR] 2020-09-15 07:10:00 Unable to fetch data from PureGym. Reason: 
{
  "message": "There was a problem with your submission. Your session appears to be in an invalid state, please refresh the page and try again."
}
[ERROR] 2020-09-15 07:15:03 Unable to fetch data from PureGym. Reason: 
{
  "message": "There was a problem with your submission. Your session appears to be in an invalid state, please refresh the page and try again."
}
[ERROR] 2020-09-15 07:25:01 Unable to fetch data from PureGym. Reason: 
{
  "message": "There was a problem with your submission. Your session appears to be in an invalid state, please refresh the page and try again."
}
[ERROR] 2020-09-15 07:30:01 Unable to fetch data from PureGym. Reason: 
{
  "message": "There was a problem with your submission. Your session appears to be in an invalid state, please refresh the page and try again."
}
[ERROR] 2020-09-15 07:40:01 Unable to fetch data from PureGym. Reason: 
{
  "message": "There was a problem with your submission. Your session appears to be in an invalid state, please refresh the page and try again."
}
[ERROR] 2020-09-15 07:50:01 Unable to fetch data from PureGym. Reason: 
{
  "message": "There was a problem with your submission. Your session appears to be in an invalid state, please refresh the page and try again."
}
[ERROR] 2020-09-15 07:55:01 Unable to fetch data from PureGym. Reason: 
{
  "message": "There was a problem with your submission. Your session appears to be in an invalid state, please refresh the page and try again."
}
[ERROR] 2020-09-15 08:00:03 Unable to fetch data from PureGym. Reason: 
{
  "message": "There was a problem with your submission. Your session appears to be in an invalid state, please refresh the page and try again."
}
[ERROR] 2020-09-15 08:10:01 Unable to fetch data from PureGym. Reason: 
{
  "message": "There was a problem with your submission. Your session appears to be in an invalid state, please refresh the page and try again."
}
[ERROR] 2020-09-15 08:15:01 Unable to fetch data from PureGym. Reason: 
{
  "message": "There was a problem with your submission. Your session appears to be in an invalid state, please refresh the page and try again."
}
[ERROR] 2020-09-15 08:25:01 Unable to fetch data from PureGym. Reason: 
{
  "message": "There was a problem with your submission. Your session appears to be in an invalid state, please refresh the page and try again."
}
[ERROR] 2020-09-15 08:30:02 Unable to fetch data from PureGym. Reason: 
{
  "message": "There was a problem with your submission. Your session appears to be in an invalid state, please refresh the page and try again."
}
[ERROR] 2020-09-15 08:35:01 Unable to fetch data from PureGym. Reason: 
{
  "message": "There was a problem with your submission. Your session appears to be in an invalid state, please refresh the page and try again."
}
[ERROR] 2020-09-15 08:40:01 Unable to fetch data from PureGym. Reason: 
{
  "message": "There was a problem with your submission. Your session appears to be in an invalid state, please refresh the page and try again."
}
[ERROR] 2020-09-15 08:45:01 Unable to fetch data from PureGym. Reason: 
{
  "message": "There was a problem with your submission. Your session appears to be in an invalid state, please refresh the page and try again."
}
[ERROR] 2020-09-15 08:56:04 Unable to fetch data from PureGym. Reason: 

[ERROR] 2020-09-15 08:56:04 Unable to fetch data from PureGym. Reason: 

[ERROR] 2020-09-15 09:00:00 Unable to fetch data from PureGym. Reason: 
{
  "message": "There was a problem with your submission. Your session appears to be in an invalid state, please refresh the page and try again."
}
[ERROR] 2020-09-15 09:05:01 Unable to fetch data from PureGym. Reason: 
{
  "message": "There was a problem with your submission. Your session appears to be in an invalid state, please refresh the page and try again."
}
[ERROR] 2020-09-15 09:15:02 Unable to fetch data from PureGym. Reason: 
{
  "message": "There was a problem with your submission. Your session appears to be in an invalid state, please refresh the page and try again."
}
[ERROR] 2020-09-15 09:20:01 Unable to fetch data from PureGym. Reason: 
{
  "message": "There was a problem with your submission. Your session appears to be in an invalid state, please refresh the page and try again."
}
[ERROR] 2020-09-15 09:25:00 Unable to fetch data from PureGym. Reason: 
{
  "message": "There was a problem with your submission. Your session appears to be in an invalid state, please refresh the page and try again."
}
[ERROR] 2020-09-15 09:35:01 Unable to fetch data from PureGym. Reason: 
{
  "message": "There was a problem with your submission. Your session appears to be in an invalid state, please refresh the page and try again."
}
[ERROR] 2020-09-15 09:40:01 Unable to fetch data from PureGym. Reason: 
{
  "message": "There was a problem with your submission. Your session appears to be in an invalid state, please refresh the page and try again."
}
[ERROR] 2020-09-15 09:45:01 Unable to fetch data from PureGym. Reason: 
{
  "message": "There was a problem with your submission. Your session appears to be in an invalid state, please refresh the page and try again."
}
[ERROR] 2020-09-15 09:55:01 Unable to fetch data from PureGym. Reason: 
{
  "message": "There was a problem with your submission. Your session appears to be in an invalid state, please refresh the page and try again."
}
[ERROR] 2020-09-15 10:10:01 Unable to fetch data from PureGym. Reason: 
{
  "message": "There was a problem with your submission. Your session appears to be in an invalid state, please refresh the page and try again."
}
[ERROR] 2020-09-15 10:20:01 Unable to fetch data from PureGym. Reason: 
{
  "message": "There was a problem with your submission. Your session appears to be in an invalid state, please refresh the page and try again."
}
[ERROR] 2020-09-15 10:25:00 Unable to fetch data from PureGym. Reason: 
{
  "message": "There was a problem with your submission. Your session appears to be in an invalid state, please refresh the page and try again."
}
[ERROR] 2020-09-15 10:30:01 Unable to fetch data from PureGym. Reason: 
{
  "message": "There was a problem with your submission. Your session appears to be in an invalid state, please refresh the page and try again."
}
[ERROR] 2020-09-15 10:35:01 Unable to fetch data from PureGym. Reason: 
{
  "message": "There was a problem with your submission. Your session appears to be in an invalid state, please refresh the page and try again."
}
[ERROR] 2020-09-15 10:45:01 Unable to fetch data from PureGym. Reason: 
{
  "message": "There was a problem with your submission. Your session appears to be in an invalid state, please refresh the page and try again."
}
[ERROR] 2020-09-15 10:55:01 Unable to fetch data from PureGym. Reason: 
{
  "message": "There was a problem with your submission. Your session appears to be in an invalid state, please refresh the page and try again."
}
[ERROR] 2020-09-15 11:00:01 Unable to fetch data from PureGym. Reason: 
{
  "message": "There was a problem with your submission. Your session appears to be in an invalid state, please refresh the page and try again."
}
[ERROR] 2020-09-15 11:05:01 Unable to fetch data from PureGym. Reason: 
{
  "message": "There was a problem with your submission. Your session appears to be in an invalid state, please refresh the page and try again."
}
[ERROR] 2020-09-15 11:15:01 Unable to fetch data from PureGym. Reason: 
{
  "message": "There was a problem with your submission. Your session appears to be in an invalid state, please refresh the page and try again."
}
[ERROR] 2020-09-15 11:30:00 Unable to fetch data from PureGym. Reason: 
{
  "message": "There was a problem with your submission. Your session appears to be in an invalid state, please refresh the page and try again."
}
[ERROR] 2020-09-15 11:35:01 Unable to fetch data from PureGym. Reason: 
{
  "message": "There was a problem with your submission. Your session appears to be in an invalid state, please refresh the page and try again."
}
[ERROR] 2020-09-15 11:40:01 Unable to fetch data from PureGym. Reason: 
{
  "message": "There was a problem with your submission. Your session appears to be in an invalid state, please refresh the page and try again."
}
[ERROR] 2020-09-15 11:45:01 Unable to fetch data from PureGym. Reason: 
{
  "message": "There was a problem with your submission. Your session appears to be in an invalid state, please refresh the page and try again."
}
[ERROR] 2020-09-15 11:50:01 Unable to fetch data from PureGym. Reason: 
{
  "message": "There was a problem with your submission. Your session appears to be in an invalid state, please refresh the page and try again."
}
[ERROR] 2020-09-15 11:55:01 Unable to fetch data from PureGym. Reason: 
{
  "message": "There was a problem with your submission. Your session appears to be in an invalid state, please refresh the page and try again."
}
[ERROR] 2020-09-15 12:15:01 Unable to fetch data from PureGym. Reason: 
{
  "message": "There was a problem with your submission. Your session appears to be in an invalid state, please refresh the page and try again."
}
[ERROR] 2020-09-15 12:20:00 Unable to fetch data from PureGym. Reason: 
{
  "message": "There was a problem with your submission. Your session appears to be in an invalid state, please refresh the page and try again."
}
[ERROR] 2020-09-15 12:25:01 Unable to fetch data from PureGym. Reason: 
{
  "message": "There was a problem with your submission. Your session appears to be in an invalid state, please refresh the page and try again."
}
[ERROR] 2020-09-15 12:30:02 Unable to fetch data from PureGym. Reason: 
{
  "message": "There was a problem with your submission. Your session appears to be in an invalid state, please refresh the page and try again."
}
[ERROR] 2020-09-15 12:35:01 Unable to fetch data from PureGym. Reason: 
{
  "message": "There was a problem with your submission. Your session appears to be in an invalid state, please refresh the page and try again."
}
[ERROR] 2020-09-15 12:40:02 Unable to fetch data from PureGym. Reason: 
{
  "message": "There was a problem with your submission. Your session appears to be in an invalid state, please refresh the page and try again."
}
[ERROR] 2020-09-15 12:45:04 Unable to fetch data from PureGym. Reason: 
{
  "message": "There was a problem with your submission. Your session appears to be in an invalid state, please refresh the page and try again."
}
[ERROR] 2020-09-15 12:50:01 Unable to fetch data from PureGym. Reason: 
{
  "message": "There was a problem with your submission. Your session appears to be in an invalid state, please refresh the page and try again."
}
[ERROR] 2020-09-15 13:00:02 Unable to fetch data from PureGym. Reason: 
{
  "message": "There was a problem with your submission. Your session appears to be in an invalid state, please refresh the page and try again."
}
[ERROR] 2020-09-15 13:10:01 Unable to fetch data from PureGym. Reason: 
{
  "message": "There was a problem with your submission. Your session appears to be in an invalid state, please refresh the page and try again."
}
[ERROR] 2020-09-15 13:20:01 Unable to fetch data from PureGym. Reason: 
{
  "message": "There was a problem with your submission. Your session appears to be in an invalid state, please refresh the page and try again."
}
[ERROR] 2020-09-15 13:30:01 Unable to fetch data from PureGym. Reason: 
{
  "message": "There was a problem with your submission. Your session appears to be in an invalid state, please refresh the page and try again."
}
[ERROR] 2020-09-15 14:00:01 Unable to fetch data from PureGym. Reason: 
{
  "message": "There was a problem with your submission. Your session appears to be in an invalid state, please refresh the page and try again."
}
[ERROR] 2020-09-15 14:05:01 Unable to fetch data from PureGym. Reason: 
{
  "message": "There was a problem with your submission. Your session appears to be in an invalid state, please refresh the page and try again."
}
[ERROR] 2020-09-15 14:20:04 Unable to fetch data from PureGym. Reason: 
{
  "message": "There was a problem with your submission. Your session appears to be in an invalid state, please refresh the page and try again."
}
[ERROR] 2020-09-15 14:25:01 Unable to fetch data from PureGym. Reason: 
{
  "message": "There was a problem with your submission. Your session appears to be in an invalid state, please refresh the page and try again."
}
[ERROR] 2020-09-15 14:35:01 Unable to fetch data from PureGym. Reason: 
{
  "message": "There was a problem with your submission. Your session appears to be in an invalid state, please refresh the page and try again."
}
[ERROR] 2020-09-15 14:50:04 Unable to fetch data from PureGym. Reason: 
{
  "message": "There was a problem with your submission. Your session appears to be in an invalid state, please refresh the page and try again."
}
[ERROR] 2020-09-15 14:55:01 Unable to fetch data from PureGym. Reason: 
{
  "message": "There was a problem with your submission. Your session appears to be in an invalid state, please refresh the page and try again."
}
[ERROR] 2020-09-15 15:00:01 Unable to fetch data from PureGym. Reason: 
{
  "message": "There was a problem with your submission. Your session appears to be in an invalid state, please refresh the page and try again."
}
[ERROR] 2020-09-15 15:05:03 Unable to fetch data from PureGym. Reason: 
{
  "message": "There was a problem with your submission. Your session appears to be in an invalid state, please refresh the page and try again."
}
[ERROR] 2020-09-15 15:15:04 Unable to fetch data from PureGym. Reason: 
{
  "message": "There was a problem with your submission. Your session appears to be in an invalid state, please refresh the page and try again."
}
[ERROR] 2020-09-15 15:25:02 Unable to fetch data from PureGym. Reason: 
{
  "message": "There was a problem with your submission. Your session appears to be in an invalid state, please refresh the page and try again."
}
[ERROR] 2020-09-15 15:30:02 Unable to fetch data from PureGym. Reason: 
{
  "message": "There was a problem with your submission. Your session appears to be in an invalid state, please refresh the page and try again."
}
[ERROR] 2020-09-15 15:35:03 Unable to fetch data from PureGym. Reason: 
{
  "message": "There was a problem with your submission. Your session appears to be in an invalid state, please refresh the page and try again."
}
[ERROR] 2020-09-15 15:50:01 Unable to fetch data from PureGym. Reason: 
{
  "message": "There was a problem with your submission. Your session appears to be in an invalid state, please refresh the page and try again."
}
[ERROR] 2020-09-15 15:55:01 Unable to fetch data from PureGym. Reason: 
{
  "message": "There was a problem with your submission. Your session appears to be in an invalid state, please refresh the page and try again."
}
[ERROR] 2020-09-15 16:00:01 Unable to fetch data from PureGym. Reason: 
{
  "message": "There was a problem with your submission. Your session appears to be in an invalid state, please refresh the page and try again."
}
[ERROR] 2020-09-15 16:05:01 Unable to fetch data from PureGym. Reason: 
{
  "message": "There was a problem with your submission. Your session appears to be in an invalid state, please refresh the page and try again."
}
[ERROR] 2020-09-15 16:10:00 Unable to fetch data from PureGym. Reason: 
{
  "message": "There was a problem with your submission. Your session appears to be in an invalid state, please refresh the page and try again."
}
[ERROR] 2020-09-15 16:15:03 Unable to fetch data from PureGym. Reason: 
{
  "message": "There was a problem with your submission. Your session appears to be in an invalid state, please refresh the page and try again."
}
[ERROR] 2020-09-15 16:25:01 Unable to fetch data from PureGym. Reason: 
{
  "message": "There was a problem with your submission. Your session appears to be in an invalid state, please refresh the page and try again."
}
[ERROR] 2020-09-15 16:35:02 Unable to fetch data from PureGym. Reason: 
{
  "message": "There was a problem with your submission. Your session appears to be in an invalid state, please refresh the page and try again."
}
[ERROR] 2020-09-15 16:40:01 Unable to fetch data from PureGym. Reason: 
{
  "message": "There was a problem with your submission. Your session appears to be in an invalid state, please refresh the page and try again."
}
[ERROR] 2020-09-15 16:45:05 Unable to fetch data from PureGym. Reason: 
{
  "message": "There was a problem with your submission. Your session appears to be in an invalid state, please refresh the page and try again."
}
[ERROR] 2020-09-15 16:50:02 Unable to fetch data from PureGym. Reason: 
{
  "message": "There was a problem with your submission. Your session appears to be in an invalid state, please refresh the page and try again."
}
[ERROR] 2020-09-15 16:55:01 Unable to fetch data from PureGym. Reason: 
{
  "message": "There was a problem with your submission. Your session appears to be in an invalid state, please refresh the page and try again."
}
[ERROR] 2020-09-15 17:00:01 Unable to fetch data from PureGym. Reason: 
{
  "message": "There was a problem with your submission. Your session appears to be in an invalid state, please refresh the page and try again."
}
[ERROR] 2020-09-15 17:05:01 Unable to fetch data from PureGym. Reason: 
{
  "message": "There was a problem with your submission. Your session appears to be in an invalid state, please refresh the page and try again."
}
[ERROR] 2020-09-15 17:10:02 Unable to fetch data from PureGym. Reason: 
{
  "message": "There was a problem with your submission. Your session appears to be in an invalid state, please refresh the page and try again."
}
[ERROR] 2020-09-15 17:20:01 Unable to fetch data from PureGym. Reason: 
{
  "message": "There was a problem with your submission. Your session appears to be in an invalid state, please refresh the page and try again."
}
[ERROR] 2020-09-15 17:25:00 Unable to fetch data from PureGym. Reason: 
{
  "message": "There was a problem with your submission. Your session appears to be in an invalid state, please refresh the page and try again."
}
[ERROR] 2020-09-15 17:35:02 Unable to fetch data from PureGym. Reason: 
{
  "message": "There was a problem with your submission. Your session appears to be in an invalid state, please refresh the page and try again."
}
[ERROR] 2020-09-15 17:40:01 Unable to fetch data from PureGym. Reason: 
{
  "message": "There was a problem with your submission. Your session appears to be in an invalid state, please refresh the page and try again."
}
[ERROR] 2020-09-15 17:50:01 Unable to fetch data from PureGym. Reason: 
{
  "message": "There was a problem with your submission. Your session appears to be in an invalid state, please refresh the page and try again."
}
[ERROR] 2020-09-15 18:00:01 Unable to fetch data from PureGym. Reason: 
{
  "message": "There was a problem with your submission. Your session appears to be in an invalid state, please refresh the page and try again."
}
[ERROR] 2020-09-15 18:05:01 Unable to fetch data from PureGym. Reason: 
{
  "message": "There was a problem with your submission. Your session appears to be in an invalid state, please refresh the page and try again."
}
[ERROR] 2020-09-15 18:10:01 Unable to fetch data from PureGym. Reason: 
{
  "message": "There was a problem with your submission. Your session appears to be in an invalid state, please refresh the page and try again."
}
[ERROR] 2020-09-15 18:20:01 Unable to fetch data from PureGym. Reason: 
{
  "message": "There was a problem with your submission. Your session appears to be in an invalid state, please refresh the page and try again."
}
[ERROR] 2020-09-15 18:25:01 Unable to fetch data from PureGym. Reason: 
{
  "message": "There was a problem with your submission. Your session appears to be in an invalid state, please refresh the page and try again."
}
[ERROR] 2020-09-15 18:35:02 Unable to fetch data from PureGym. Reason: 
{
  "message": "There was a problem with your submission. Your session appears to be in an invalid state, please refresh the page and try again."
}
[ERROR] 2020-09-15 18:55:01 Unable to fetch data from PureGym. Reason: 
{
  "message": "There was a problem with your submission. Your session appears to be in an invalid state, please refresh the page and try again."
}
[ERROR] 2020-09-15 19:00:03 Unable to fetch data from PureGym. Reason: 
{
  "message": "There was a problem with your submission. Your session appears to be in an invalid state, please refresh the page and try again."
}
[ERROR] 2020-09-15 19:05:01 Unable to fetch data from PureGym. Reason: 
{
  "message": "There was a problem with your submission. Your session appears to be in an invalid state, please refresh the page and try again."
}
[ERROR] 2020-09-15 19:10:01 Unable to fetch data from PureGym. Reason: 
{
  "message": "There was a problem with your submission. Your session appears to be in an invalid state, please refresh the page and try again."
}
[ERROR] 2020-09-15 19:25:01 Unable to fetch data from PureGym. Reason: 
{
  "message": "There was a problem with your submission. Your session appears to be in an invalid state, please refresh the page and try again."
}
[ERROR] 2020-09-15 19:30:01 Unable to fetch data from PureGym. Reason: 
{
  "message": "There was a problem with your submission. Your session appears to be in an invalid state, please refresh the page and try again."
}
[ERROR] 2020-09-15 19:40:01 Unable to fetch data from PureGym. Reason: 
{
  "message": "There was a problem with your submission. Your session appears to be in an invalid state, please refresh the page and try again."
}
[ERROR] 2020-09-15 19:45:01 Unable to fetch data from PureGym. Reason: 
{
  "message": "There was a problem with your submission. Your session appears to be in an invalid state, please refresh the page and try again."
}
[ERROR] 2020-09-15 19:50:01 Unable to fetch data from PureGym. Reason: 
{
  "message": "There was a problem with your submission. Your session appears to be in an invalid state, please refresh the page and try again."
}
[ERROR] 2020-09-15 20:00:01 Unable to fetch data from PureGym. Reason: 
{
  "message": "There was a problem with your submission. Your session appears to be in an invalid state, please refresh the page and try again."
}
[ERROR] 2020-09-15 20:05:00 Unable to fetch data from PureGym. Reason: 
{
  "message": "There was a problem with your submission. Your session appears to be in an invalid state, please refresh the page and try again."
}
[ERROR] 2020-09-15 20:10:00 Unable to fetch data from PureGym. Reason: 
{
  "message": "There was a problem with your submission. Your session appears to be in an invalid state, please refresh the page and try again."
}
[ERROR] 2020-09-15 20:15:01 Unable to fetch data from PureGym. Reason: 
{
  "message": "There was a problem with your submission. Your session appears to be in an invalid state, please refresh the page and try again."
}
[ERROR] 2020-09-15 20:25:01 Unable to fetch data from PureGym. Reason: 
{
  "message": "There was a problem with your submission. Your session appears to be in an invalid state, please refresh the page and try again."
}
[ERROR] 2020-09-15 20:30:01 Unable to fetch data from PureGym. Reason: 
{
  "message": "There was a problem with your submission. Your session appears to be in an invalid state, please refresh the page and try again."
}
[ERROR] 2020-09-15 20:35:01 Unable to fetch data from PureGym. Reason: 
{
  "message": "There was a problem with your submission. Your session appears to be in an invalid state, please refresh the page and try again."
}
[ERROR] 2020-09-15 20:40:01 Unable to fetch data from PureGym. Reason: 
{
  "message": "There was a problem with your submission. Your session appears to be in an invalid state, please refresh the page and try again."
}
[ERROR] 2020-09-15 20:45:01 Unable to fetch data from PureGym. Reason: 
{
  "message": "There was a problem with your submission. Your session appears to be in an invalid state, please refresh the page and try again."
}
[ERROR] 2020-09-15 20:50:01 Unable to fetch data from PureGym. Reason: 
{
  "message": "There was a problem with your submission. Your session appears to be in an invalid state, please refresh the page and try again."
}
[ERROR] 2020-09-15 20:55:01 Unable to fetch data from PureGym. Reason: 
{
  "message": "There was a problem with your submission. Please ensure cookies are enabled in your browser and refresh the page to try again."
}
[ERROR] 2020-09-15 21:05:01 Unable to fetch data from PureGym. Reason: 
{
  "message": "There was a problem with your submission. Your session appears to be in an invalid state, please refresh the page and try again."
}
